0 info it worked if it ends with ok
1 verbose cli [ 'C:\\Program Files (x86)\\nodejs\\\\node.exe',
1 verbose cli   'C:\\Program Files (x86)\\nodejs\\node_modules\\npm\\bin\\npm-cli.js',
1 verbose cli   'install',
1 verbose cli   'semantic-ui-react' ]
2 info using npm@1.2.30
3 info using node@v0.10.11
4 verbose node symlink C:\Program Files (x86)\nodejs\\node.exe
5 verbose read json C:\Users\HP\Documents\GitHub\react-template\package.json
6 warn package.json react-template@1.0.0 No repository field.
7 verbose read json C:\Users\HP\Documents\GitHub\react-template\node_modules\@babel\package.json
8 verbose read json C:\Users\HP\Documents\GitHub\react-template\node_modules\abbrev\package.json
9 verbose read json C:\Users\HP\Documents\GitHub\react-template\node_modules\accepts\package.json
10 verbose read json C:\Users\HP\Documents\GitHub\react-template\node_modules\accord\package.json
11 verbose read json C:\Users\HP\Documents\GitHub\react-template\node_modules\acorn\package.json
12 verbose read json C:\Users\HP\Documents\GitHub\react-template\node_modules\acorn-dynamic-import\package.json
13 verbose read json C:\Users\HP\Documents\GitHub\react-template\node_modules\ajv\package.json
14 verbose read json C:\Users\HP\Documents\GitHub\react-template\node_modules\ajv-keywords\package.json
15 verbose read json C:\Users\HP\Documents\GitHub\react-template\node_modules\align-text\package.json
16 verbose read json C:\Users\HP\Documents\GitHub\react-template\node_modules\ansi-colors\package.json
17 verbose read json C:\Users\HP\Documents\GitHub\react-template\node_modules\ansi-cyan\package.json
18 verbose read json C:\Users\HP\Documents\GitHub\react-template\node_modules\ansi-escapes\package.json
19 verbose read json C:\Users\HP\Documents\GitHub\react-template\node_modules\ansi-gray\package.json
20 verbose read json C:\Users\HP\Documents\GitHub\react-template\node_modules\ansi-html\package.json
21 verbose read json C:\Users\HP\Documents\GitHub\react-template\node_modules\ansi-red\package.json
22 verbose read json C:\Users\HP\Documents\GitHub\react-template\node_modules\ansi-regex\package.json
23 verbose read json C:\Users\HP\Documents\GitHub\react-template\node_modules\ansi-styles\package.json
24 verbose read json C:\Users\HP\Documents\GitHub\react-template\node_modules\ansi-wrap\package.json
25 verbose read json C:\Users\HP\Documents\GitHub\react-template\node_modules\anymatch\package.json
26 verbose read json C:\Users\HP\Documents\GitHub\react-template\node_modules\append-buffer\package.json
27 verbose read json C:\Users\HP\Documents\GitHub\react-template\node_modules\archy\package.json
28 verbose read json C:\Users\HP\Documents\GitHub\react-template\node_modules\argparse\package.json
29 verbose read json C:\Users\HP\Documents\GitHub\react-template\node_modules\arr-diff\package.json
30 verbose read json C:\Users\HP\Documents\GitHub\react-template\node_modules\arr-filter\package.json
31 verbose read json C:\Users\HP\Documents\GitHub\react-template\node_modules\arr-flatten\package.json
32 verbose read json C:\Users\HP\Documents\GitHub\react-template\node_modules\arr-map\package.json
33 verbose read json C:\Users\HP\Documents\GitHub\react-template\node_modules\arr-union\package.json
34 verbose read json C:\Users\HP\Documents\GitHub\react-template\node_modules\array-differ\package.json
35 verbose read json C:\Users\HP\Documents\GitHub\react-template\node_modules\array-each\package.json
36 verbose read json C:\Users\HP\Documents\GitHub\react-template\node_modules\array-find-index\package.json
37 verbose read json C:\Users\HP\Documents\GitHub\react-template\node_modules\array-flatten\package.json
38 verbose read json C:\Users\HP\Documents\GitHub\react-template\node_modules\array-includes\package.json
39 verbose read json C:\Users\HP\Documents\GitHub\react-template\node_modules\array-initial\package.json
40 verbose read json C:\Users\HP\Documents\GitHub\react-template\node_modules\array-last\package.json
41 verbose read json C:\Users\HP\Documents\GitHub\react-template\node_modules\array-slice\package.json
42 verbose read json C:\Users\HP\Documents\GitHub\react-template\node_modules\array-sort\package.json
43 verbose read json C:\Users\HP\Documents\GitHub\react-template\node_modules\array-union\package.json
44 verbose read json C:\Users\HP\Documents\GitHub\react-template\node_modules\array-uniq\package.json
45 verbose read json C:\Users\HP\Documents\GitHub\react-template\node_modules\array-unique\package.json
46 verbose read json C:\Users\HP\Documents\GitHub\react-template\node_modules\asap\package.json
47 verbose read json C:\Users\HP\Documents\GitHub\react-template\node_modules\asn1\package.json
48 verbose read json C:\Users\HP\Documents\GitHub\react-template\node_modules\asn1.js\package.json
49 verbose read json C:\Users\HP\Documents\GitHub\react-template\node_modules\assert\package.json
50 verbose read json C:\Users\HP\Documents\GitHub\react-template\node_modules\assert-plus\package.json
51 verbose read json C:\Users\HP\Documents\GitHub\react-template\node_modules\assign-symbols\package.json
52 verbose read json C:\Users\HP\Documents\GitHub\react-template\node_modules\async\package.json
53 verbose read json C:\Users\HP\Documents\GitHub\react-template\node_modules\async-done\package.json
54 verbose read json C:\Users\HP\Documents\GitHub\react-template\node_modules\async-each\package.json
55 verbose read json C:\Users\HP\Documents\GitHub\react-template\node_modules\async-settle\package.json
56 verbose read json C:\Users\HP\Documents\GitHub\react-template\node_modules\asynckit\package.json
57 verbose read json C:\Users\HP\Documents\GitHub\react-template\node_modules\atob\package.json
58 verbose read json C:\Users\HP\Documents\GitHub\react-template\node_modules\autoprefixer\package.json
59 verbose read json C:\Users\HP\Documents\GitHub\react-template\node_modules\aws-sign2\package.json
60 verbose read json C:\Users\HP\Documents\GitHub\react-template\node_modules\aws4\package.json
61 verbose read json C:\Users\HP\Documents\GitHub\react-template\node_modules\babel-code-frame\package.json
62 verbose read json C:\Users\HP\Documents\GitHub\react-template\node_modules\babel-core\package.json
63 verbose read json C:\Users\HP\Documents\GitHub\react-template\node_modules\babel-generator\package.json
64 verbose read json C:\Users\HP\Documents\GitHub\react-template\node_modules\babel-helper-builder-react-jsx\package.json
65 verbose read json C:\Users\HP\Documents\GitHub\react-template\node_modules\babel-helper-call-delegate\package.json
66 verbose read json C:\Users\HP\Documents\GitHub\react-template\node_modules\babel-helper-define-map\package.json
67 verbose read json C:\Users\HP\Documents\GitHub\react-template\node_modules\babel-helper-function-name\package.json
68 verbose read json C:\Users\HP\Documents\GitHub\react-template\node_modules\babel-helper-get-function-arity\package.json
69 verbose read json C:\Users\HP\Documents\GitHub\react-template\node_modules\babel-helper-hoist-variables\package.json
70 verbose read json C:\Users\HP\Documents\GitHub\react-template\node_modules\babel-helper-optimise-call-expression\package.json
71 verbose read json C:\Users\HP\Documents\GitHub\react-template\node_modules\babel-helper-regex\package.json
72 verbose read json C:\Users\HP\Documents\GitHub\react-template\node_modules\babel-helper-replace-supers\package.json
73 verbose read json C:\Users\HP\Documents\GitHub\react-template\node_modules\babel-helpers\package.json
74 verbose read json C:\Users\HP\Documents\GitHub\react-template\node_modules\babel-loader\package.json
75 verbose read json C:\Users\HP\Documents\GitHub\react-template\node_modules\babel-messages\package.json
76 verbose read json C:\Users\HP\Documents\GitHub\react-template\node_modules\babel-plugin-check-es2015-constants\package.json
77 verbose read json C:\Users\HP\Documents\GitHub\react-template\node_modules\babel-plugin-syntax-flow\package.json
78 verbose read json C:\Users\HP\Documents\GitHub\react-template\node_modules\babel-plugin-syntax-jsx\package.json
79 verbose read json C:\Users\HP\Documents\GitHub\react-template\node_modules\babel-plugin-syntax-object-rest-spread\package.json
80 verbose read json C:\Users\HP\Documents\GitHub\react-template\node_modules\babel-plugin-transform-es2015-arrow-functions\package.json
81 verbose read json C:\Users\HP\Documents\GitHub\react-template\node_modules\babel-plugin-transform-es2015-block-scoped-functions\package.json
82 verbose read json C:\Users\HP\Documents\GitHub\react-template\node_modules\babel-plugin-transform-es2015-block-scoping\package.json
83 verbose read json C:\Users\HP\Documents\GitHub\react-template\node_modules\babel-plugin-transform-es2015-classes\package.json
84 verbose read json C:\Users\HP\Documents\GitHub\react-template\node_modules\babel-plugin-transform-es2015-computed-properties\package.json
85 verbose read json C:\Users\HP\Documents\GitHub\react-template\node_modules\babel-plugin-transform-es2015-destructuring\package.json
86 verbose read json C:\Users\HP\Documents\GitHub\react-template\node_modules\babel-plugin-transform-es2015-duplicate-keys\package.json
87 verbose read json C:\Users\HP\Documents\GitHub\react-template\node_modules\babel-plugin-transform-es2015-for-of\package.json
88 verbose read json C:\Users\HP\Documents\GitHub\react-template\node_modules\babel-plugin-transform-es2015-function-name\package.json
89 verbose read json C:\Users\HP\Documents\GitHub\react-template\node_modules\babel-plugin-transform-es2015-literals\package.json
90 verbose read json C:\Users\HP\Documents\GitHub\react-template\node_modules\babel-plugin-transform-es2015-modules-amd\package.json
91 verbose read json C:\Users\HP\Documents\GitHub\react-template\node_modules\babel-plugin-transform-es2015-modules-commonjs\package.json
92 verbose read json C:\Users\HP\Documents\GitHub\react-template\node_modules\babel-plugin-transform-es2015-modules-systemjs\package.json
93 verbose read json C:\Users\HP\Documents\GitHub\react-template\node_modules\babel-plugin-transform-es2015-modules-umd\package.json
94 verbose read json C:\Users\HP\Documents\GitHub\react-template\node_modules\babel-plugin-transform-es2015-object-super\package.json
95 verbose read json C:\Users\HP\Documents\GitHub\react-template\node_modules\babel-plugin-transform-es2015-parameters\package.json
96 verbose read json C:\Users\HP\Documents\GitHub\react-template\node_modules\babel-plugin-transform-es2015-shorthand-properties\package.json
97 verbose read json C:\Users\HP\Documents\GitHub\react-template\node_modules\babel-plugin-transform-es2015-spread\package.json
98 verbose read json C:\Users\HP\Documents\GitHub\react-template\node_modules\babel-plugin-transform-es2015-sticky-regex\package.json
99 verbose read json C:\Users\HP\Documents\GitHub\react-template\node_modules\babel-plugin-transform-es2015-template-literals\package.json
100 verbose read json C:\Users\HP\Documents\GitHub\react-template\node_modules\babel-plugin-transform-es2015-typeof-symbol\package.json
101 verbose read json C:\Users\HP\Documents\GitHub\react-template\node_modules\babel-plugin-transform-es2015-unicode-regex\package.json
102 verbose read json C:\Users\HP\Documents\GitHub\react-template\node_modules\babel-plugin-transform-flow-strip-types\package.json
103 verbose read json C:\Users\HP\Documents\GitHub\react-template\node_modules\babel-plugin-transform-object-rest-spread\package.json
104 verbose read json C:\Users\HP\Documents\GitHub\react-template\node_modules\babel-plugin-transform-react-display-name\package.json
105 verbose read json C:\Users\HP\Documents\GitHub\react-template\node_modules\babel-plugin-transform-react-jsx\package.json
106 verbose read json C:\Users\HP\Documents\GitHub\react-template\node_modules\babel-plugin-transform-react-jsx-self\package.json
107 verbose read json C:\Users\HP\Documents\GitHub\react-template\node_modules\babel-plugin-transform-react-jsx-source\package.json
108 verbose read json C:\Users\HP\Documents\GitHub\react-template\node_modules\babel-plugin-transform-regenerator\package.json
109 verbose read json C:\Users\HP\Documents\GitHub\react-template\node_modules\babel-plugin-transform-strict-mode\package.json
110 verbose read json C:\Users\HP\Documents\GitHub\react-template\node_modules\babel-preset-es2015\package.json
111 verbose read json C:\Users\HP\Documents\GitHub\react-template\node_modules\babel-preset-flow\package.json
112 verbose read json C:\Users\HP\Documents\GitHub\react-template\node_modules\babel-preset-react\package.json
113 verbose read json C:\Users\HP\Documents\GitHub\react-template\node_modules\babel-register\package.json
114 verbose read json C:\Users\HP\Documents\GitHub\react-template\node_modules\babel-runtime\package.json
115 verbose read json C:\Users\HP\Documents\GitHub\react-template\node_modules\babel-template\package.json
116 verbose read json C:\Users\HP\Documents\GitHub\react-template\node_modules\babel-traverse\package.json
117 verbose read json C:\Users\HP\Documents\GitHub\react-template\node_modules\babel-types\package.json
118 verbose read json C:\Users\HP\Documents\GitHub\react-template\node_modules\babylon\package.json
119 verbose read json C:\Users\HP\Documents\GitHub\react-template\node_modules\bach\package.json
120 verbose read json C:\Users\HP\Documents\GitHub\react-template\node_modules\balanced-match\package.json
121 verbose read json C:\Users\HP\Documents\GitHub\react-template\node_modules\base\package.json
122 verbose read json C:\Users\HP\Documents\GitHub\react-template\node_modules\base64-js\package.json
123 verbose read json C:\Users\HP\Documents\GitHub\react-template\node_modules\batch\package.json
124 verbose read json C:\Users\HP\Documents\GitHub\react-template\node_modules\bcrypt-pbkdf\package.json
125 verbose read json C:\Users\HP\Documents\GitHub\react-template\node_modules\beeper\package.json
126 verbose read json C:\Users\HP\Documents\GitHub\react-template\node_modules\better-console\package.json
127 verbose read json C:\Users\HP\Documents\GitHub\react-template\node_modules\big.js\package.json
128 verbose read json C:\Users\HP\Documents\GitHub\react-template\node_modules\binary-extensions\package.json
129 verbose read json C:\Users\HP\Documents\GitHub\react-template\node_modules\binaryextensions\package.json
130 verbose read json C:\Users\HP\Documents\GitHub\react-template\node_modules\bindings\package.json
131 verbose read json C:\Users\HP\Documents\GitHub\react-template\node_modules\bn.js\package.json
132 verbose read json C:\Users\HP\Documents\GitHub\react-template\node_modules\body-parser\package.json
133 verbose read json C:\Users\HP\Documents\GitHub\react-template\node_modules\bonjour\package.json
134 verbose read json C:\Users\HP\Documents\GitHub\react-template\node_modules\bootstrap\package.json
135 verbose read json C:\Users\HP\Documents\GitHub\react-template\node_modules\brace-expansion\package.json
136 verbose read json C:\Users\HP\Documents\GitHub\react-template\node_modules\braces\package.json
137 verbose read json C:\Users\HP\Documents\GitHub\react-template\node_modules\brorand\package.json
138 verbose read json C:\Users\HP\Documents\GitHub\react-template\node_modules\browserify-aes\package.json
139 verbose read json C:\Users\HP\Documents\GitHub\react-template\node_modules\browserify-cipher\package.json
140 verbose read json C:\Users\HP\Documents\GitHub\react-template\node_modules\browserify-des\package.json
141 verbose read json C:\Users\HP\Documents\GitHub\react-template\node_modules\browserify-rsa\package.json
142 verbose read json C:\Users\HP\Documents\GitHub\react-template\node_modules\browserify-sign\package.json
143 verbose read json C:\Users\HP\Documents\GitHub\react-template\node_modules\browserify-zlib\package.json
144 verbose read json C:\Users\HP\Documents\GitHub\react-template\node_modules\browserslist\package.json
145 verbose read json C:\Users\HP\Documents\GitHub\react-template\node_modules\buffer\package.json
146 verbose read json C:\Users\HP\Documents\GitHub\react-template\node_modules\buffer-equal\package.json
147 verbose read json C:\Users\HP\Documents\GitHub\react-template\node_modules\buffer-from\package.json
148 verbose read json C:\Users\HP\Documents\GitHub\react-template\node_modules\buffer-indexof\package.json
149 verbose read json C:\Users\HP\Documents\GitHub\react-template\node_modules\buffer-xor\package.json
150 verbose read json C:\Users\HP\Documents\GitHub\react-template\node_modules\builtin-status-codes\package.json
151 verbose read json C:\Users\HP\Documents\GitHub\react-template\node_modules\bytes\package.json
152 verbose read json C:\Users\HP\Documents\GitHub\react-template\node_modules\cache-base\package.json
153 verbose read json C:\Users\HP\Documents\GitHub\react-template\node_modules\camelcase\package.json
154 verbose read json C:\Users\HP\Documents\GitHub\react-template\node_modules\camelcase-keys\package.json
155 verbose read json C:\Users\HP\Documents\GitHub\react-template\node_modules\caniuse-lite\package.json
156 verbose read json C:\Users\HP\Documents\GitHub\react-template\node_modules\caseless\package.json
157 verbose read json C:\Users\HP\Documents\GitHub\react-template\node_modules\center-align\package.json
158 verbose read json C:\Users\HP\Documents\GitHub\react-template\node_modules\chalk\package.json
159 verbose read json C:\Users\HP\Documents\GitHub\react-template\node_modules\chardet\package.json
160 verbose read json C:\Users\HP\Documents\GitHub\react-template\node_modules\chokidar\package.json
161 verbose read json C:\Users\HP\Documents\GitHub\react-template\node_modules\cipher-base\package.json
162 verbose read json C:\Users\HP\Documents\GitHub\react-template\node_modules\class-utils\package.json
163 verbose read json C:\Users\HP\Documents\GitHub\react-template\node_modules\clean-css\package.json
164 verbose read json C:\Users\HP\Documents\GitHub\react-template\node_modules\cli-cursor\package.json
165 verbose read json C:\Users\HP\Documents\GitHub\react-template\node_modules\cli-table\package.json
166 verbose read json C:\Users\HP\Documents\GitHub\react-template\node_modules\cli-width\package.json
167 verbose read json C:\Users\HP\Documents\GitHub\react-template\node_modules\cliui\package.json
168 verbose read json C:\Users\HP\Documents\GitHub\react-template\node_modules\clone\package.json
169 verbose read json C:\Users\HP\Documents\GitHub\react-template\node_modules\clone-buffer\package.json
170 verbose read json C:\Users\HP\Documents\GitHub\react-template\node_modules\clone-stats\package.json
171 verbose read json C:\Users\HP\Documents\GitHub\react-template\node_modules\cloneable-readable\package.json
172 verbose read json C:\Users\HP\Documents\GitHub\react-template\node_modules\code-point-at\package.json
173 verbose read json C:\Users\HP\Documents\GitHub\react-template\node_modules\collection-map\package.json
174 verbose read json C:\Users\HP\Documents\GitHub\react-template\node_modules\collection-visit\package.json
175 verbose read json C:\Users\HP\Documents\GitHub\react-template\node_modules\color-convert\package.json
176 verbose read json C:\Users\HP\Documents\GitHub\react-template\node_modules\color-name\package.json
177 verbose read json C:\Users\HP\Documents\GitHub\react-template\node_modules\color-support\package.json
178 verbose read json C:\Users\HP\Documents\GitHub\react-template\node_modules\colors\package.json
179 verbose read json C:\Users\HP\Documents\GitHub\react-template\node_modules\combined-stream\package.json
180 verbose read json C:\Users\HP\Documents\GitHub\react-template\node_modules\commander\package.json
181 verbose read json C:\Users\HP\Documents\GitHub\react-template\node_modules\commondir\package.json
182 verbose read json C:\Users\HP\Documents\GitHub\react-template\node_modules\component-emitter\package.json
183 verbose read json C:\Users\HP\Documents\GitHub\react-template\node_modules\compressible\package.json
184 verbose read json C:\Users\HP\Documents\GitHub\react-template\node_modules\compression\package.json
185 verbose read json C:\Users\HP\Documents\GitHub\react-template\node_modules\concat-map\package.json
186 verbose read json C:\Users\HP\Documents\GitHub\react-template\node_modules\concat-stream\package.json
187 verbose read json C:\Users\HP\Documents\GitHub\react-template\node_modules\concat-with-sourcemaps\package.json
188 verbose read json C:\Users\HP\Documents\GitHub\react-template\node_modules\config-chain\package.json
189 verbose read json C:\Users\HP\Documents\GitHub\react-template\node_modules\connect-history-api-fallback\package.json
190 verbose read json C:\Users\HP\Documents\GitHub\react-template\node_modules\console-browserify\package.json
191 verbose read json C:\Users\HP\Documents\GitHub\react-template\node_modules\constants-browserify\package.json
192 verbose read json C:\Users\HP\Documents\GitHub\react-template\node_modules\content-disposition\package.json
193 verbose read json C:\Users\HP\Documents\GitHub\react-template\node_modules\content-type\package.json
194 verbose read json C:\Users\HP\Documents\GitHub\react-template\node_modules\convert-source-map\package.json
195 verbose read json C:\Users\HP\Documents\GitHub\react-template\node_modules\cookie\package.json
196 verbose read json C:\Users\HP\Documents\GitHub\react-template\node_modules\cookie-signature\package.json
197 verbose read json C:\Users\HP\Documents\GitHub\react-template\node_modules\copy-descriptor\package.json
198 verbose read json C:\Users\HP\Documents\GitHub\react-template\node_modules\copy-props\package.json
199 verbose read json C:\Users\HP\Documents\GitHub\react-template\node_modules\core-js\package.json
200 verbose read json C:\Users\HP\Documents\GitHub\react-template\node_modules\core-util-is\package.json
201 verbose read json C:\Users\HP\Documents\GitHub\react-template\node_modules\create-ecdh\package.json
202 verbose read json C:\Users\HP\Documents\GitHub\react-template\node_modules\create-hash\package.json
203 verbose read json C:\Users\HP\Documents\GitHub\react-template\node_modules\create-hmac\package.json
204 verbose read json C:\Users\HP\Documents\GitHub\react-template\node_modules\cross-spawn\package.json
205 verbose read json C:\Users\HP\Documents\GitHub\react-template\node_modules\crypto-browserify\package.json
206 verbose read json C:\Users\HP\Documents\GitHub\react-template\node_modules\css\package.json
207 verbose read json C:\Users\HP\Documents\GitHub\react-template\node_modules\css-loader\package.json
208 verbose read json C:\Users\HP\Documents\GitHub\react-template\node_modules\cssesc\package.json
209 verbose read json C:\Users\HP\Documents\GitHub\react-template\node_modules\currently-unhandled\package.json
210 verbose read json C:\Users\HP\Documents\GitHub\react-template\node_modules\d\package.json
211 verbose read json C:\Users\HP\Documents\GitHub\react-template\node_modules\dashdash\package.json
212 verbose read json C:\Users\HP\Documents\GitHub\react-template\node_modules\dateformat\package.json
213 verbose read json C:\Users\HP\Documents\GitHub\react-template\node_modules\debug\package.json
214 verbose read json C:\Users\HP\Documents\GitHub\react-template\node_modules\decamelize\package.json
215 verbose read json C:\Users\HP\Documents\GitHub\react-template\node_modules\decode-uri-component\package.json
216 verbose read json C:\Users\HP\Documents\GitHub\react-template\node_modules\deep-assign\package.json
217 verbose read json C:\Users\HP\Documents\GitHub\react-template\node_modules\deep-equal\package.json
218 verbose read json C:\Users\HP\Documents\GitHub\react-template\node_modules\deepmerge\package.json
219 verbose read json C:\Users\HP\Documents\GitHub\react-template\node_modules\default-compare\package.json
220 verbose read json C:\Users\HP\Documents\GitHub\react-template\node_modules\default-resolution\package.json
221 verbose read json C:\Users\HP\Documents\GitHub\react-template\node_modules\defaults\package.json
222 verbose read json C:\Users\HP\Documents\GitHub\react-template\node_modules\define-properties\package.json
223 verbose read json C:\Users\HP\Documents\GitHub\react-template\node_modules\define-property\package.json
224 verbose read json C:\Users\HP\Documents\GitHub\react-template\node_modules\del\package.json
225 verbose read json C:\Users\HP\Documents\GitHub\react-template\node_modules\delayed-stream\package.json
226 verbose read json C:\Users\HP\Documents\GitHub\react-template\node_modules\depd\package.json
227 verbose read json C:\Users\HP\Documents\GitHub\react-template\node_modules\deprecated\package.json
228 verbose read json C:\Users\HP\Documents\GitHub\react-template\node_modules\des.js\package.json
229 verbose read json C:\Users\HP\Documents\GitHub\react-template\node_modules\destroy\package.json
230 verbose read json C:\Users\HP\Documents\GitHub\react-template\node_modules\detect-file\package.json
231 verbose read json C:\Users\HP\Documents\GitHub\react-template\node_modules\detect-indent\package.json
232 verbose read json C:\Users\HP\Documents\GitHub\react-template\node_modules\detect-node\package.json
233 verbose read json C:\Users\HP\Documents\GitHub\react-template\node_modules\diff\package.json
234 verbose read json C:\Users\HP\Documents\GitHub\react-template\node_modules\diffie-hellman\package.json
235 verbose read json C:\Users\HP\Documents\GitHub\react-template\node_modules\dns-equal\package.json
236 verbose read json C:\Users\HP\Documents\GitHub\react-template\node_modules\dns-packet\package.json
237 verbose read json C:\Users\HP\Documents\GitHub\react-template\node_modules\dns-txt\package.json
238 verbose read json C:\Users\HP\Documents\GitHub\react-template\node_modules\domain-browser\package.json
239 verbose read json C:\Users\HP\Documents\GitHub\react-template\node_modules\duplexer\package.json
240 verbose read json C:\Users\HP\Documents\GitHub\react-template\node_modules\duplexer2\package.json
241 verbose read json C:\Users\HP\Documents\GitHub\react-template\node_modules\duplexify\package.json
242 verbose read json C:\Users\HP\Documents\GitHub\react-template\node_modules\each-props\package.json
243 verbose read json C:\Users\HP\Documents\GitHub\react-template\node_modules\ecc-jsbn\package.json
244 verbose read json C:\Users\HP\Documents\GitHub\react-template\node_modules\editions\package.json
245 verbose read json C:\Users\HP\Documents\GitHub\react-template\node_modules\editorconfig\package.json
246 verbose read json C:\Users\HP\Documents\GitHub\react-template\node_modules\ee-first\package.json
247 verbose read json C:\Users\HP\Documents\GitHub\react-template\node_modules\electron-to-chromium\package.json
248 verbose read json C:\Users\HP\Documents\GitHub\react-template\node_modules\elliptic\package.json
249 verbose read json C:\Users\HP\Documents\GitHub\react-template\node_modules\emojis-list\package.json
250 verbose read json C:\Users\HP\Documents\GitHub\react-template\node_modules\encodeurl\package.json
251 verbose read json C:\Users\HP\Documents\GitHub\react-template\node_modules\end-of-stream\package.json
252 verbose read json C:\Users\HP\Documents\GitHub\react-template\node_modules\enhanced-resolve\package.json
253 verbose read json C:\Users\HP\Documents\GitHub\react-template\node_modules\errno\package.json
254 verbose read json C:\Users\HP\Documents\GitHub\react-template\node_modules\error-ex\package.json
255 verbose read json C:\Users\HP\Documents\GitHub\react-template\node_modules\es-abstract\package.json
256 verbose read json C:\Users\HP\Documents\GitHub\react-template\node_modules\es-to-primitive\package.json
257 verbose read json C:\Users\HP\Documents\GitHub\react-template\node_modules\es5-ext\package.json
258 verbose read json C:\Users\HP\Documents\GitHub\react-template\node_modules\es6-iterator\package.json
259 verbose read json C:\Users\HP\Documents\GitHub\react-template\node_modules\es6-map\package.json
260 verbose read json C:\Users\HP\Documents\GitHub\react-template\node_modules\es6-set\package.json
261 verbose read json C:\Users\HP\Documents\GitHub\react-template\node_modules\es6-symbol\package.json
262 verbose read json C:\Users\HP\Documents\GitHub\react-template\node_modules\es6-weak-map\package.json
263 verbose read json C:\Users\HP\Documents\GitHub\react-template\node_modules\escape-html\package.json
264 verbose read json C:\Users\HP\Documents\GitHub\react-template\node_modules\escape-string-regexp\package.json
265 verbose read json C:\Users\HP\Documents\GitHub\react-template\node_modules\escope\package.json
266 verbose read json C:\Users\HP\Documents\GitHub\react-template\node_modules\esrecurse\package.json
267 verbose read json C:\Users\HP\Documents\GitHub\react-template\node_modules\estraverse\package.json
268 verbose read json C:\Users\HP\Documents\GitHub\react-template\node_modules\esutils\package.json
269 verbose read json C:\Users\HP\Documents\GitHub\react-template\node_modules\etag\package.json
270 verbose read json C:\Users\HP\Documents\GitHub\react-template\node_modules\event-emitter\package.json
271 verbose read json C:\Users\HP\Documents\GitHub\react-template\node_modules\event-stream\package.json
272 verbose read json C:\Users\HP\Documents\GitHub\react-template\node_modules\eventemitter3\package.json
273 verbose read json C:\Users\HP\Documents\GitHub\react-template\node_modules\events\package.json
274 verbose read json C:\Users\HP\Documents\GitHub\react-template\node_modules\eventsource\package.json
275 verbose read json C:\Users\HP\Documents\GitHub\react-template\node_modules\evp_bytestokey\package.json
276 verbose read json C:\Users\HP\Documents\GitHub\react-template\node_modules\execa\package.json
277 verbose read json C:\Users\HP\Documents\GitHub\react-template\node_modules\expand-brackets\package.json
278 verbose read json C:\Users\HP\Documents\GitHub\react-template\node_modules\expand-range\package.json
279 verbose read json C:\Users\HP\Documents\GitHub\react-template\node_modules\expand-tilde\package.json
280 verbose read json C:\Users\HP\Documents\GitHub\react-template\node_modules\express\package.json
281 verbose read json C:\Users\HP\Documents\GitHub\react-template\node_modules\ext\package.json
282 verbose read json C:\Users\HP\Documents\GitHub\react-template\node_modules\extend\package.json
283 verbose read json C:\Users\HP\Documents\GitHub\react-template\node_modules\extend-shallow\package.json
284 verbose read json C:\Users\HP\Documents\GitHub\react-template\node_modules\external-editor\package.json
285 verbose read json C:\Users\HP\Documents\GitHub\react-template\node_modules\extglob\package.json
286 verbose read json C:\Users\HP\Documents\GitHub\react-template\node_modules\extsprintf\package.json
287 verbose read json C:\Users\HP\Documents\GitHub\react-template\node_modules\fancy-log\package.json
288 verbose read json C:\Users\HP\Documents\GitHub\react-template\node_modules\fast-deep-equal\package.json
289 verbose read json C:\Users\HP\Documents\GitHub\react-template\node_modules\fast-json-stable-stringify\package.json
290 verbose read json C:\Users\HP\Documents\GitHub\react-template\node_modules\faye-websocket\package.json
291 verbose read json C:\Users\HP\Documents\GitHub\react-template\node_modules\figures\package.json
292 verbose read json C:\Users\HP\Documents\GitHub\react-template\node_modules\file-uri-to-path\package.json
293 verbose read json C:\Users\HP\Documents\GitHub\react-template\node_modules\filename-regex\package.json
294 verbose read json C:\Users\HP\Documents\GitHub\react-template\node_modules\fill-range\package.json
295 verbose read json C:\Users\HP\Documents\GitHub\react-template\node_modules\finalhandler\package.json
296 verbose read json C:\Users\HP\Documents\GitHub\react-template\node_modules\find-cache-dir\package.json
297 verbose read json C:\Users\HP\Documents\GitHub\react-template\node_modules\find-index\package.json
298 verbose read json C:\Users\HP\Documents\GitHub\react-template\node_modules\find-up\package.json
299 verbose read json C:\Users\HP\Documents\GitHub\react-template\node_modules\findup\package.json
300 verbose read json C:\Users\HP\Documents\GitHub\react-template\node_modules\findup-sync\package.json
301 verbose read json C:\Users\HP\Documents\GitHub\react-template\node_modules\fined\package.json
302 verbose read json C:\Users\HP\Documents\GitHub\react-template\node_modules\first-chunk-stream\package.json
303 verbose read json C:\Users\HP\Documents\GitHub\react-template\node_modules\flagged-respawn\package.json
304 verbose read json C:\Users\HP\Documents\GitHub\react-template\node_modules\flush-write-stream\package.json
305 verbose read json C:\Users\HP\Documents\GitHub\react-template\node_modules\follow-redirects\package.json
306 verbose read json C:\Users\HP\Documents\GitHub\react-template\node_modules\for-in\package.json
307 verbose read json C:\Users\HP\Documents\GitHub\react-template\node_modules\for-own\package.json
308 verbose read json C:\Users\HP\Documents\GitHub\react-template\node_modules\forever-agent\package.json
309 verbose read json C:\Users\HP\Documents\GitHub\react-template\node_modules\fork-stream\package.json
310 verbose read json C:\Users\HP\Documents\GitHub\react-template\node_modules\form-data\package.json
311 verbose read json C:\Users\HP\Documents\GitHub\react-template\node_modules\forwarded\package.json
312 verbose read json C:\Users\HP\Documents\GitHub\react-template\node_modules\fragment-cache\package.json
313 verbose read json C:\Users\HP\Documents\GitHub\react-template\node_modules\fresh\package.json
314 verbose read json C:\Users\HP\Documents\GitHub\react-template\node_modules\from\package.json
315 verbose read json C:\Users\HP\Documents\GitHub\react-template\node_modules\fs-mkdirp-stream\package.json
316 verbose read json C:\Users\HP\Documents\GitHub\react-template\node_modules\fs.realpath\package.json
317 verbose read json C:\Users\HP\Documents\GitHub\react-template\node_modules\fsevents\package.json
318 verbose read json C:\Users\HP\Documents\GitHub\react-template\node_modules\function-bind\package.json
319 verbose read json C:\Users\HP\Documents\GitHub\react-template\node_modules\gaze\package.json
320 verbose read json C:\Users\HP\Documents\GitHub\react-template\node_modules\get-caller-file\package.json
321 verbose read json C:\Users\HP\Documents\GitHub\react-template\node_modules\get-imports\package.json
322 verbose read json C:\Users\HP\Documents\GitHub\react-template\node_modules\get-stdin\package.json
323 verbose read json C:\Users\HP\Documents\GitHub\react-template\node_modules\get-stream\package.json
324 verbose read json C:\Users\HP\Documents\GitHub\react-template\node_modules\get-value\package.json
325 verbose read json C:\Users\HP\Documents\GitHub\react-template\node_modules\getpass\package.json
326 verbose read json C:\Users\HP\Documents\GitHub\react-template\node_modules\glob\package.json
327 verbose read json C:\Users\HP\Documents\GitHub\react-template\node_modules\glob-base\package.json
328 verbose read json C:\Users\HP\Documents\GitHub\react-template\node_modules\glob-parent\package.json
329 verbose read json C:\Users\HP\Documents\GitHub\react-template\node_modules\glob-stream\package.json
330 verbose read json C:\Users\HP\Documents\GitHub\react-template\node_modules\glob-watcher\package.json
331 verbose read json C:\Users\HP\Documents\GitHub\react-template\node_modules\glob2base\package.json
332 verbose read json C:\Users\HP\Documents\GitHub\react-template\node_modules\global-modules\package.json
333 verbose read json C:\Users\HP\Documents\GitHub\react-template\node_modules\global-prefix\package.json
334 verbose read json C:\Users\HP\Documents\GitHub\react-template\node_modules\globals\package.json
335 verbose read json C:\Users\HP\Documents\GitHub\react-template\node_modules\globby\package.json
336 verbose read json C:\Users\HP\Documents\GitHub\react-template\node_modules\globule\package.json
337 verbose read json C:\Users\HP\Documents\GitHub\react-template\node_modules\glogg\package.json
338 verbose read json C:\Users\HP\Documents\GitHub\react-template\node_modules\graceful-fs\package.json
339 verbose read json C:\Users\HP\Documents\GitHub\react-template\node_modules\growly\package.json
340 verbose read json C:\Users\HP\Documents\GitHub\react-template\node_modules\gud\package.json
341 verbose read json C:\Users\HP\Documents\GitHub\react-template\node_modules\gulp\package.json
342 verbose read json C:\Users\HP\Documents\GitHub\react-template\node_modules\gulp-autoprefixer\package.json
343 verbose read json C:\Users\HP\Documents\GitHub\react-template\node_modules\gulp-chmod\package.json
344 verbose read json C:\Users\HP\Documents\GitHub\react-template\node_modules\gulp-clean-css\package.json
345 verbose read json C:\Users\HP\Documents\GitHub\react-template\node_modules\gulp-clone\package.json
346 verbose read json C:\Users\HP\Documents\GitHub\react-template\node_modules\gulp-concat\package.json
347 verbose read json C:\Users\HP\Documents\GitHub\react-template\node_modules\gulp-concat-css\package.json
348 verbose read json C:\Users\HP\Documents\GitHub\react-template\node_modules\gulp-copy\package.json
349 verbose read json C:\Users\HP\Documents\GitHub\react-template\node_modules\gulp-dedupe\package.json
350 verbose read json C:\Users\HP\Documents\GitHub\react-template\node_modules\gulp-flatten\package.json
351 verbose read json C:\Users\HP\Documents\GitHub\react-template\node_modules\gulp-header\package.json
352 verbose read json C:\Users\HP\Documents\GitHub\react-template\node_modules\gulp-help\package.json
353 verbose read json C:\Users\HP\Documents\GitHub\react-template\node_modules\gulp-if\package.json
354 verbose read json C:\Users\HP\Documents\GitHub\react-template\node_modules\gulp-json-editor\package.json
355 verbose read json C:\Users\HP\Documents\GitHub\react-template\node_modules\gulp-less\package.json
356 verbose read json C:\Users\HP\Documents\GitHub\react-template\node_modules\gulp-match\package.json
357 verbose read json C:\Users\HP\Documents\GitHub\react-template\node_modules\gulp-notify\package.json
358 verbose read json C:\Users\HP\Documents\GitHub\react-template\node_modules\gulp-plumber\package.json
359 verbose read json C:\Users\HP\Documents\GitHub\react-template\node_modules\gulp-print\package.json
360 verbose read json C:\Users\HP\Documents\GitHub\react-template\node_modules\gulp-rename\package.json
361 verbose read json C:\Users\HP\Documents\GitHub\react-template\node_modules\gulp-replace\package.json
362 verbose read json C:\Users\HP\Documents\GitHub\react-template\node_modules\gulp-rtlcss\package.json
363 verbose read json C:\Users\HP\Documents\GitHub\react-template\node_modules\gulp-uglify\package.json
364 verbose read json C:\Users\HP\Documents\GitHub\react-template\node_modules\gulp-util\package.json
365 verbose read json C:\Users\HP\Documents\GitHub\react-template\node_modules\gulp-watch\package.json
366 verbose read json C:\Users\HP\Documents\GitHub\react-template\node_modules\gulplog\package.json
367 verbose read json C:\Users\HP\Documents\GitHub\react-template\node_modules\handle-thing\package.json
368 verbose read json C:\Users\HP\Documents\GitHub\react-template\node_modules\har-schema\package.json
369 verbose read json C:\Users\HP\Documents\GitHub\react-template\node_modules\har-validator\package.json
370 verbose read json C:\Users\HP\Documents\GitHub\react-template\node_modules\has\package.json
371 verbose read json C:\Users\HP\Documents\GitHub\react-template\node_modules\has-ansi\package.json
372 verbose read json C:\Users\HP\Documents\GitHub\react-template\node_modules\has-flag\package.json
373 verbose read json C:\Users\HP\Documents\GitHub\react-template\node_modules\has-gulplog\package.json
374 verbose read json C:\Users\HP\Documents\GitHub\react-template\node_modules\has-symbols\package.json
375 verbose read json C:\Users\HP\Documents\GitHub\react-template\node_modules\has-value\package.json
376 verbose read json C:\Users\HP\Documents\GitHub\react-template\node_modules\has-values\package.json
377 verbose read json C:\Users\HP\Documents\GitHub\react-template\node_modules\hash-base\package.json
378 verbose read json C:\Users\HP\Documents\GitHub\react-template\node_modules\hash.js\package.json
379 verbose read json C:\Users\HP\Documents\GitHub\react-template\node_modules\history\package.json
380 verbose read json C:\Users\HP\Documents\GitHub\react-template\node_modules\hmac-drbg\package.json
381 verbose read json C:\Users\HP\Documents\GitHub\react-template\node_modules\hoist-non-react-statics\package.json
382 verbose read json C:\Users\HP\Documents\GitHub\react-template\node_modules\home-or-tmp\package.json
383 verbose read json C:\Users\HP\Documents\GitHub\react-template\node_modules\homedir-polyfill\package.json
384 verbose read json C:\Users\HP\Documents\GitHub\react-template\node_modules\hosted-git-info\package.json
385 verbose read json C:\Users\HP\Documents\GitHub\react-template\node_modules\hpack.js\package.json
386 verbose read json C:\Users\HP\Documents\GitHub\react-template\node_modules\html-entities\package.json
387 verbose read json C:\Users\HP\Documents\GitHub\react-template\node_modules\http-deceiver\package.json
388 verbose read json C:\Users\HP\Documents\GitHub\react-template\node_modules\http-errors\package.json
389 verbose read json C:\Users\HP\Documents\GitHub\react-template\node_modules\http-parser-js\package.json
390 verbose read json C:\Users\HP\Documents\GitHub\react-template\node_modules\http-proxy\package.json
391 verbose read json C:\Users\HP\Documents\GitHub\react-template\node_modules\http-proxy-middleware\package.json
392 verbose read json C:\Users\HP\Documents\GitHub\react-template\node_modules\http-signature\package.json
393 verbose read json C:\Users\HP\Documents\GitHub\react-template\node_modules\https-browserify\package.json
394 verbose read json C:\Users\HP\Documents\GitHub\react-template\node_modules\iconv-lite\package.json
395 verbose read json C:\Users\HP\Documents\GitHub\react-template\node_modules\icss-utils\package.json
396 verbose read json C:\Users\HP\Documents\GitHub\react-template\node_modules\ieee754\package.json
397 verbose read json C:\Users\HP\Documents\GitHub\react-template\node_modules\image-size\package.json
398 verbose read json C:\Users\HP\Documents\GitHub\react-template\node_modules\import-local\package.json
399 verbose read json C:\Users\HP\Documents\GitHub\react-template\node_modules\import-regex\package.json
400 verbose read json C:\Users\HP\Documents\GitHub\react-template\node_modules\indent-string\package.json
401 verbose read json C:\Users\HP\Documents\GitHub\react-template\node_modules\indexes-of\package.json
402 verbose read json C:\Users\HP\Documents\GitHub\react-template\node_modules\indx\package.json
403 verbose read json C:\Users\HP\Documents\GitHub\react-template\node_modules\inflight\package.json
404 verbose read json C:\Users\HP\Documents\GitHub\react-template\node_modules\inherits\package.json
405 verbose read json C:\Users\HP\Documents\GitHub\react-template\node_modules\ini\package.json
406 verbose read json C:\Users\HP\Documents\GitHub\react-template\node_modules\inquirer\package.json
407 verbose read json C:\Users\HP\Documents\GitHub\react-template\node_modules\internal-ip\package.json
408 verbose read json C:\Users\HP\Documents\GitHub\react-template\node_modules\interpret\package.json
409 verbose read json C:\Users\HP\Documents\GitHub\react-template\node_modules\invariant\package.json
410 verbose read json C:\Users\HP\Documents\GitHub\react-template\node_modules\invert-kv\package.json
411 verbose read json C:\Users\HP\Documents\GitHub\react-template\node_modules\ip\package.json
412 verbose read json C:\Users\HP\Documents\GitHub\react-template\node_modules\ip-regex\package.json
413 verbose read json C:\Users\HP\Documents\GitHub\react-template\node_modules\ipaddr.js\package.json
414 verbose read json C:\Users\HP\Documents\GitHub\react-template\node_modules\is\package.json
415 verbose read json C:\Users\HP\Documents\GitHub\react-template\node_modules\is-absolute\package.json
416 verbose read json C:\Users\HP\Documents\GitHub\react-template\node_modules\is-accessor-descriptor\package.json
417 verbose read json C:\Users\HP\Documents\GitHub\react-template\node_modules\is-arguments\package.json
418 verbose read json C:\Users\HP\Documents\GitHub\react-template\node_modules\is-arrayish\package.json
419 verbose read json C:\Users\HP\Documents\GitHub\react-template\node_modules\is-binary-path\package.json
420 verbose read json C:\Users\HP\Documents\GitHub\react-template\node_modules\is-buffer\package.json
421 verbose read json C:\Users\HP\Documents\GitHub\react-template\node_modules\is-callable\package.json
422 verbose read json C:\Users\HP\Documents\GitHub\react-template\node_modules\is-data-descriptor\package.json
423 verbose read json C:\Users\HP\Documents\GitHub\react-template\node_modules\is-date-object\package.json
424 verbose read json C:\Users\HP\Documents\GitHub\react-template\node_modules\is-descriptor\package.json
425 verbose read json C:\Users\HP\Documents\GitHub\react-template\node_modules\is-dotfile\package.json
426 verbose read json C:\Users\HP\Documents\GitHub\react-template\node_modules\is-equal-shallow\package.json
427 verbose read json C:\Users\HP\Documents\GitHub\react-template\node_modules\is-extendable\package.json
428 verbose read json C:\Users\HP\Documents\GitHub\react-template\node_modules\is-extglob\package.json
429 verbose read json C:\Users\HP\Documents\GitHub\react-template\node_modules\is-finite\package.json
430 verbose read json C:\Users\HP\Documents\GitHub\react-template\node_modules\is-fullwidth-code-point\package.json
431 verbose read json C:\Users\HP\Documents\GitHub\react-template\node_modules\is-glob\package.json
432 verbose read json C:\Users\HP\Documents\GitHub\react-template\node_modules\is-negated-glob\package.json
433 verbose read json C:\Users\HP\Documents\GitHub\react-template\node_modules\is-number\package.json
434 verbose read json C:\Users\HP\Documents\GitHub\react-template\node_modules\is-obj\package.json
435 verbose read json C:\Users\HP\Documents\GitHub\react-template\node_modules\is-path-cwd\package.json
436 verbose read json C:\Users\HP\Documents\GitHub\react-template\node_modules\is-path-in-cwd\package.json
437 verbose read json C:\Users\HP\Documents\GitHub\react-template\node_modules\is-path-inside\package.json
438 verbose read json C:\Users\HP\Documents\GitHub\react-template\node_modules\is-plain-object\package.json
439 verbose read json C:\Users\HP\Documents\GitHub\react-template\node_modules\is-posix-bracket\package.json
440 verbose read json C:\Users\HP\Documents\GitHub\react-template\node_modules\is-primitive\package.json
441 verbose read json C:\Users\HP\Documents\GitHub\react-template\node_modules\is-promise\package.json
442 verbose read json C:\Users\HP\Documents\GitHub\react-template\node_modules\is-regex\package.json
443 verbose read json C:\Users\HP\Documents\GitHub\react-template\node_modules\is-relative\package.json
444 verbose read json C:\Users\HP\Documents\GitHub\react-template\node_modules\is-stream\package.json
445 verbose read json C:\Users\HP\Documents\GitHub\react-template\node_modules\is-string\package.json
446 verbose read json C:\Users\HP\Documents\GitHub\react-template\node_modules\is-symbol\package.json
447 verbose read json C:\Users\HP\Documents\GitHub\react-template\node_modules\is-typedarray\package.json
448 verbose read json C:\Users\HP\Documents\GitHub\react-template\node_modules\is-unc-path\package.json
449 verbose read json C:\Users\HP\Documents\GitHub\react-template\node_modules\is-utf8\package.json
450 verbose read json C:\Users\HP\Documents\GitHub\react-template\node_modules\is-valid-glob\package.json
451 verbose read json C:\Users\HP\Documents\GitHub\react-template\node_modules\is-windows\package.json
452 verbose read json C:\Users\HP\Documents\GitHub\react-template\node_modules\is-wsl\package.json
453 verbose read json C:\Users\HP\Documents\GitHub\react-template\node_modules\isarray\package.json
454 verbose read json C:\Users\HP\Documents\GitHub\react-template\node_modules\isexe\package.json
455 verbose read json C:\Users\HP\Documents\GitHub\react-template\node_modules\isobject\package.json
456 verbose read json C:\Users\HP\Documents\GitHub\react-template\node_modules\isstream\package.json
457 verbose read json C:\Users\HP\Documents\GitHub\react-template\node_modules\istextorbinary\package.json
458 verbose read json C:\Users\HP\Documents\GitHub\react-template\node_modules\jquery\package.json
459 verbose read json C:\Users\HP\Documents\GitHub\react-template\node_modules\js-beautify\package.json
460 verbose read json C:\Users\HP\Documents\GitHub\react-template\node_modules\js-tokens\package.json
461 verbose read json C:\Users\HP\Documents\GitHub\react-template\node_modules\jsbn\package.json
462 verbose read json C:\Users\HP\Documents\GitHub\react-template\node_modules\jsesc\package.json
463 verbose read json C:\Users\HP\Documents\GitHub\react-template\node_modules\json-loader\package.json
464 verbose read json C:\Users\HP\Documents\GitHub\react-template\node_modules\json-schema\package.json
465 verbose read json C:\Users\HP\Documents\GitHub\react-template\node_modules\json-schema-traverse\package.json
466 verbose read json C:\Users\HP\Documents\GitHub\react-template\node_modules\json-stable-stringify-without-jsonify\package.json
467 verbose read json C:\Users\HP\Documents\GitHub\react-template\node_modules\json-stringify-safe\package.json
468 verbose read json C:\Users\HP\Documents\GitHub\react-template\node_modules\json3\package.json
469 verbose read json C:\Users\HP\Documents\GitHub\react-template\node_modules\json5\package.json
470 verbose read json C:\Users\HP\Documents\GitHub\react-template\node_modules\jsprim\package.json
471 verbose read json C:\Users\HP\Documents\GitHub\react-template\node_modules\just-debounce\package.json
472 verbose read json C:\Users\HP\Documents\GitHub\react-template\node_modules\killable\package.json
473 verbose read json C:\Users\HP\Documents\GitHub\react-template\node_modules\kind-of\package.json
474 verbose read json C:\Users\HP\Documents\GitHub\react-template\node_modules\last-run\package.json
475 verbose read json C:\Users\HP\Documents\GitHub\react-template\node_modules\lazy-cache\package.json
476 verbose read json C:\Users\HP\Documents\GitHub\react-template\node_modules\lazystream\package.json
477 verbose read json C:\Users\HP\Documents\GitHub\react-template\node_modules\lcid\package.json
478 verbose read json C:\Users\HP\Documents\GitHub\react-template\node_modules\lead\package.json
479 verbose read json C:\Users\HP\Documents\GitHub\react-template\node_modules\less\package.json
480 verbose read json C:\Users\HP\Documents\GitHub\react-template\node_modules\liftoff\package.json
481 verbose read json C:\Users\HP\Documents\GitHub\react-template\node_modules\load-json-file\package.json
482 verbose read json C:\Users\HP\Documents\GitHub\react-template\node_modules\loader-runner\package.json
483 verbose read json C:\Users\HP\Documents\GitHub\react-template\node_modules\loader-utils\package.json
484 verbose read json C:\Users\HP\Documents\GitHub\react-template\node_modules\locate-path\package.json
485 verbose read json C:\Users\HP\Documents\GitHub\react-template\node_modules\lodash\package.json
486 verbose read json C:\Users\HP\Documents\GitHub\react-template\node_modules\lodash.assign\package.json
487 verbose read json C:\Users\HP\Documents\GitHub\react-template\node_modules\lodash.clone\package.json
488 verbose read json C:\Users\HP\Documents\GitHub\react-template\node_modules\lodash.defaults\package.json
489 verbose read json C:\Users\HP\Documents\GitHub\react-template\node_modules\lodash.escape\package.json
490 verbose read json C:\Users\HP\Documents\GitHub\react-template\node_modules\lodash.flatten\package.json
491 verbose read json C:\Users\HP\Documents\GitHub\react-template\node_modules\lodash.isarguments\package.json
492 verbose read json C:\Users\HP\Documents\GitHub\react-template\node_modules\lodash.isarray\package.json
493 verbose read json C:\Users\HP\Documents\GitHub\react-template\node_modules\lodash.isobject\package.json
494 verbose read json C:\Users\HP\Documents\GitHub\react-template\node_modules\lodash.keys\package.json
495 verbose read json C:\Users\HP\Documents\GitHub\react-template\node_modules\lodash.merge\package.json
496 verbose read json C:\Users\HP\Documents\GitHub\react-template\node_modules\lodash.partialright\package.json
497 verbose read json C:\Users\HP\Documents\GitHub\react-template\node_modules\lodash.pick\package.json
498 verbose read json C:\Users\HP\Documents\GitHub\react-template\node_modules\lodash.restparam\package.json
499 verbose read json C:\Users\HP\Documents\GitHub\react-template\node_modules\lodash.template\package.json
500 verbose read json C:\Users\HP\Documents\GitHub\react-template\node_modules\lodash.templatesettings\package.json
501 verbose read json C:\Users\HP\Documents\GitHub\react-template\node_modules\lodash.uniq\package.json
502 verbose read json C:\Users\HP\Documents\GitHub\react-template\node_modules\lodash._baseassign\package.json
503 verbose read json C:\Users\HP\Documents\GitHub\react-template\node_modules\lodash._basecopy\package.json
504 verbose read json C:\Users\HP\Documents\GitHub\react-template\node_modules\lodash._basetostring\package.json
505 verbose read json C:\Users\HP\Documents\GitHub\react-template\node_modules\lodash._basevalues\package.json
506 verbose read json C:\Users\HP\Documents\GitHub\react-template\node_modules\lodash._bindcallback\package.json
507 verbose read json C:\Users\HP\Documents\GitHub\react-template\node_modules\lodash._createassigner\package.json
508 verbose read json C:\Users\HP\Documents\GitHub\react-template\node_modules\lodash._getnative\package.json
509 verbose read json C:\Users\HP\Documents\GitHub\react-template\node_modules\lodash._isiterateecall\package.json
510 verbose read json C:\Users\HP\Documents\GitHub\react-template\node_modules\lodash._isnative\package.json
511 verbose read json C:\Users\HP\Documents\GitHub\react-template\node_modules\lodash._objecttypes\package.json
512 verbose read json C:\Users\HP\Documents\GitHub\react-template\node_modules\lodash._reescape\package.json
513 verbose read json C:\Users\HP\Documents\GitHub\react-template\node_modules\lodash._reevaluate\package.json
514 verbose read json C:\Users\HP\Documents\GitHub\react-template\node_modules\lodash._reinterpolate\package.json
515 verbose read json C:\Users\HP\Documents\GitHub\react-template\node_modules\lodash._root\package.json
516 verbose read json C:\Users\HP\Documents\GitHub\react-template\node_modules\lodash._shimkeys\package.json
517 verbose read json C:\Users\HP\Documents\GitHub\react-template\node_modules\loglevel\package.json
518 verbose read json C:\Users\HP\Documents\GitHub\react-template\node_modules\longest\package.json
519 verbose read json C:\Users\HP\Documents\GitHub\react-template\node_modules\loose-envify\package.json
520 verbose read json C:\Users\HP\Documents\GitHub\react-template\node_modules\loud-rejection\package.json
521 verbose read json C:\Users\HP\Documents\GitHub\react-template\node_modules\lru-cache\package.json
522 verbose read json C:\Users\HP\Documents\GitHub\react-template\node_modules\make-dir\package.json
523 verbose read json C:\Users\HP\Documents\GitHub\react-template\node_modules\make-error\package.json
524 verbose read json C:\Users\HP\Documents\GitHub\react-template\node_modules\make-error-cause\package.json
525 verbose read json C:\Users\HP\Documents\GitHub\react-template\node_modules\make-iterator\package.json
526 verbose read json C:\Users\HP\Documents\GitHub\react-template\node_modules\map-cache\package.json
527 verbose read json C:\Users\HP\Documents\GitHub\react-template\node_modules\map-obj\package.json
528 verbose read json C:\Users\HP\Documents\GitHub\react-template\node_modules\map-stream\package.json
529 verbose read json C:\Users\HP\Documents\GitHub\react-template\node_modules\map-visit\package.json
530 verbose read json C:\Users\HP\Documents\GitHub\react-template\node_modules\matchdep\package.json
531 verbose read json C:\Users\HP\Documents\GitHub\react-template\node_modules\math-random\package.json
532 verbose read json C:\Users\HP\Documents\GitHub\react-template\node_modules\md5.js\package.json
533 verbose read json C:\Users\HP\Documents\GitHub\react-template\node_modules\media-typer\package.json
534 verbose read json C:\Users\HP\Documents\GitHub\react-template\node_modules\mem\package.json
535 verbose read json C:\Users\HP\Documents\GitHub\react-template\node_modules\memory-fs\package.json
536 verbose read json C:\Users\HP\Documents\GitHub\react-template\node_modules\meow\package.json
537 verbose read json C:\Users\HP\Documents\GitHub\react-template\node_modules\merge-descriptors\package.json
538 verbose read json C:\Users\HP\Documents\GitHub\react-template\node_modules\merge-stream\package.json
539 verbose read json C:\Users\HP\Documents\GitHub\react-template\node_modules\methods\package.json
540 verbose read json C:\Users\HP\Documents\GitHub\react-template\node_modules\micromatch\package.json
541 verbose read json C:\Users\HP\Documents\GitHub\react-template\node_modules\miller-rabin\package.json
542 verbose read json C:\Users\HP\Documents\GitHub\react-template\node_modules\mime\package.json
543 verbose read json C:\Users\HP\Documents\GitHub\react-template\node_modules\mime-db\package.json
544 verbose read json C:\Users\HP\Documents\GitHub\react-template\node_modules\mime-types\package.json
545 verbose read json C:\Users\HP\Documents\GitHub\react-template\node_modules\mimic-fn\package.json
546 verbose read json C:\Users\HP\Documents\GitHub\react-template\node_modules\mini-create-react-context\package.json
547 verbose read json C:\Users\HP\Documents\GitHub\react-template\node_modules\minimalistic-assert\package.json
548 verbose read json C:\Users\HP\Documents\GitHub\react-template\node_modules\minimalistic-crypto-utils\package.json
549 verbose read json C:\Users\HP\Documents\GitHub\react-template\node_modules\minimatch\package.json
550 verbose read json C:\Users\HP\Documents\GitHub\react-template\node_modules\minimist\package.json
551 verbose read json C:\Users\HP\Documents\GitHub\react-template\node_modules\mixin-deep\package.json
552 verbose read json C:\Users\HP\Documents\GitHub\react-template\node_modules\mkdirp\package.json
553 verbose read json C:\Users\HP\Documents\GitHub\react-template\node_modules\ms\package.json
554 verbose read json C:\Users\HP\Documents\GitHub\react-template\node_modules\multicast-dns\package.json
555 verbose read json C:\Users\HP\Documents\GitHub\react-template\node_modules\multicast-dns-service-types\package.json
556 verbose read json C:\Users\HP\Documents\GitHub\react-template\node_modules\multipipe\package.json
557 verbose read json C:\Users\HP\Documents\GitHub\react-template\node_modules\mute-stdout\package.json
558 verbose read json C:\Users\HP\Documents\GitHub\react-template\node_modules\mute-stream\package.json
559 verbose read json C:\Users\HP\Documents\GitHub\react-template\node_modules\nan\package.json
560 verbose read json C:\Users\HP\Documents\GitHub\react-template\node_modules\nanomatch\package.json
561 verbose read json C:\Users\HP\Documents\GitHub\react-template\node_modules\natives\package.json
562 verbose read json C:\Users\HP\Documents\GitHub\react-template\node_modules\negotiator\package.json
563 verbose read json C:\Users\HP\Documents\GitHub\react-template\node_modules\neo-async\package.json
564 verbose read json C:\Users\HP\Documents\GitHub\react-template\node_modules\next-tick\package.json
565 verbose read json C:\Users\HP\Documents\GitHub\react-template\node_modules\node-forge\package.json
566 verbose read json C:\Users\HP\Documents\GitHub\react-template\node_modules\node-libs-browser\package.json
567 verbose read json C:\Users\HP\Documents\GitHub\react-template\node_modules\node-notifier\package.json
568 verbose read json C:\Users\HP\Documents\GitHub\react-template\node_modules\node-releases\package.json
569 verbose read json C:\Users\HP\Documents\GitHub\react-template\node_modules\node.extend\package.json
570 verbose read json C:\Users\HP\Documents\GitHub\react-template\node_modules\nopt\package.json
571 verbose read json C:\Users\HP\Documents\GitHub\react-template\node_modules\normalize-package-data\package.json
572 verbose read json C:\Users\HP\Documents\GitHub\react-template\node_modules\normalize-path\package.json
573 verbose read json C:\Users\HP\Documents\GitHub\react-template\node_modules\normalize-range\package.json
574 verbose read json C:\Users\HP\Documents\GitHub\react-template\node_modules\now-and-later\package.json
575 verbose read json C:\Users\HP\Documents\GitHub\react-template\node_modules\npm-run-path\package.json
576 verbose read json C:\Users\HP\Documents\GitHub\react-template\node_modules\num2fraction\package.json
577 verbose read json C:\Users\HP\Documents\GitHub\react-template\node_modules\number-is-nan\package.json
578 verbose read json C:\Users\HP\Documents\GitHub\react-template\node_modules\oauth-sign\package.json
579 verbose read json C:\Users\HP\Documents\GitHub\react-template\node_modules\object-assign\package.json
580 verbose read json C:\Users\HP\Documents\GitHub\react-template\node_modules\object-copy\package.json
581 verbose read json C:\Users\HP\Documents\GitHub\react-template\node_modules\object-inspect\package.json
582 verbose read json C:\Users\HP\Documents\GitHub\react-template\node_modules\object-is\package.json
583 verbose read json C:\Users\HP\Documents\GitHub\react-template\node_modules\object-keys\package.json
584 verbose read json C:\Users\HP\Documents\GitHub\react-template\node_modules\object-visit\package.json
585 verbose read json C:\Users\HP\Documents\GitHub\react-template\node_modules\object.assign\package.json
586 verbose read json C:\Users\HP\Documents\GitHub\react-template\node_modules\object.defaults\package.json
587 verbose read json C:\Users\HP\Documents\GitHub\react-template\node_modules\object.map\package.json
588 verbose read json C:\Users\HP\Documents\GitHub\react-template\node_modules\object.omit\package.json
589 verbose read json C:\Users\HP\Documents\GitHub\react-template\node_modules\object.pick\package.json
590 verbose read json C:\Users\HP\Documents\GitHub\react-template\node_modules\object.reduce\package.json
591 verbose read json C:\Users\HP\Documents\GitHub\react-template\node_modules\obuf\package.json
592 verbose read json C:\Users\HP\Documents\GitHub\react-template\node_modules\on-finished\package.json
593 verbose read json C:\Users\HP\Documents\GitHub\react-template\node_modules\on-headers\package.json
594 verbose read json C:\Users\HP\Documents\GitHub\react-template\node_modules\once\package.json
595 verbose read json C:\Users\HP\Documents\GitHub\react-template\node_modules\onetime\package.json
596 verbose read json C:\Users\HP\Documents\GitHub\react-template\node_modules\opn\package.json
597 verbose read json C:\Users\HP\Documents\GitHub\react-template\node_modules\orchestrator\package.json
598 verbose read json C:\Users\HP\Documents\GitHub\react-template\node_modules\ordered-read-streams\package.json
599 verbose read json C:\Users\HP\Documents\GitHub\react-template\node_modules\original\package.json
600 verbose read json C:\Users\HP\Documents\GitHub\react-template\node_modules\os-browserify\package.json
601 verbose read json C:\Users\HP\Documents\GitHub\react-template\node_modules\os-homedir\package.json
602 verbose read json C:\Users\HP\Documents\GitHub\react-template\node_modules\os-locale\package.json
603 verbose read json C:\Users\HP\Documents\GitHub\react-template\node_modules\os-tmpdir\package.json
604 verbose read json C:\Users\HP\Documents\GitHub\react-template\node_modules\osenv\package.json
605 verbose read json C:\Users\HP\Documents\GitHub\react-template\node_modules\p-finally\package.json
606 verbose read json C:\Users\HP\Documents\GitHub\react-template\node_modules\p-limit\package.json
607 verbose read json C:\Users\HP\Documents\GitHub\react-template\node_modules\p-locate\package.json
608 verbose read json C:\Users\HP\Documents\GitHub\react-template\node_modules\p-map\package.json
609 verbose read json C:\Users\HP\Documents\GitHub\react-template\node_modules\p-try\package.json
610 verbose read json C:\Users\HP\Documents\GitHub\react-template\node_modules\pako\package.json
611 verbose read json C:\Users\HP\Documents\GitHub\react-template\node_modules\parse-asn1\package.json
612 verbose read json C:\Users\HP\Documents\GitHub\react-template\node_modules\parse-filepath\package.json
613 verbose read json C:\Users\HP\Documents\GitHub\react-template\node_modules\parse-glob\package.json
614 verbose read json C:\Users\HP\Documents\GitHub\react-template\node_modules\parse-import\package.json
615 verbose read json C:\Users\HP\Documents\GitHub\react-template\node_modules\parse-json\package.json
616 verbose read json C:\Users\HP\Documents\GitHub\react-template\node_modules\parse-node-version\package.json
617 verbose read json C:\Users\HP\Documents\GitHub\react-template\node_modules\parse-passwd\package.json
618 verbose read json C:\Users\HP\Documents\GitHub\react-template\node_modules\parseurl\package.json
619 verbose read json C:\Users\HP\Documents\GitHub\react-template\node_modules\pascalcase\package.json
620 verbose read json C:\Users\HP\Documents\GitHub\react-template\node_modules\path-browserify\package.json
621 verbose read json C:\Users\HP\Documents\GitHub\react-template\node_modules\path-dirname\package.json
622 verbose read json C:\Users\HP\Documents\GitHub\react-template\node_modules\path-exists\package.json
623 verbose read json C:\Users\HP\Documents\GitHub\react-template\node_modules\path-is-absolute\package.json
624 verbose read json C:\Users\HP\Documents\GitHub\react-template\node_modules\path-is-inside\package.json
625 verbose read json C:\Users\HP\Documents\GitHub\react-template\node_modules\path-key\package.json
626 verbose read json C:\Users\HP\Documents\GitHub\react-template\node_modules\path-parse\package.json
627 verbose read json C:\Users\HP\Documents\GitHub\react-template\node_modules\path-root\package.json
628 verbose read json C:\Users\HP\Documents\GitHub\react-template\node_modules\path-root-regex\package.json
629 verbose read json C:\Users\HP\Documents\GitHub\react-template\node_modules\path-to-regexp\package.json
630 verbose read json C:\Users\HP\Documents\GitHub\react-template\node_modules\path-type\package.json
631 verbose read json C:\Users\HP\Documents\GitHub\react-template\node_modules\pause-stream\package.json
632 verbose read json C:\Users\HP\Documents\GitHub\react-template\node_modules\pbkdf2\package.json
633 verbose read json C:\Users\HP\Documents\GitHub\react-template\node_modules\performance-now\package.json
634 verbose read json C:\Users\HP\Documents\GitHub\react-template\node_modules\pify\package.json
635 verbose read json C:\Users\HP\Documents\GitHub\react-template\node_modules\pinkie\package.json
636 verbose read json C:\Users\HP\Documents\GitHub\react-template\node_modules\pinkie-promise\package.json
637 verbose read json C:\Users\HP\Documents\GitHub\react-template\node_modules\pkg-dir\package.json
638 verbose read json C:\Users\HP\Documents\GitHub\react-template\node_modules\plugin-error\package.json
639 verbose read json C:\Users\HP\Documents\GitHub\react-template\node_modules\portfinder\package.json
640 verbose read json C:\Users\HP\Documents\GitHub\react-template\node_modules\posix-character-classes\package.json
641 verbose read json C:\Users\HP\Documents\GitHub\react-template\node_modules\postcss\package.json
642 verbose read json C:\Users\HP\Documents\GitHub\react-template\node_modules\postcss-modules-extract-imports\package.json
643 verbose read json C:\Users\HP\Documents\GitHub\react-template\node_modules\postcss-modules-local-by-default\package.json
644 verbose read json C:\Users\HP\Documents\GitHub\react-template\node_modules\postcss-modules-scope\package.json
645 verbose read json C:\Users\HP\Documents\GitHub\react-template\node_modules\postcss-modules-values\package.json
646 verbose read json C:\Users\HP\Documents\GitHub\react-template\node_modules\postcss-selector-parser\package.json
647 verbose read json C:\Users\HP\Documents\GitHub\react-template\node_modules\postcss-value-parser\package.json
648 verbose read json C:\Users\HP\Documents\GitHub\react-template\node_modules\preserve\package.json
649 verbose read json C:\Users\HP\Documents\GitHub\react-template\node_modules\pretty-hrtime\package.json
650 verbose read json C:\Users\HP\Documents\GitHub\react-template\node_modules\private\package.json
651 verbose read json C:\Users\HP\Documents\GitHub\react-template\node_modules\process\package.json
652 verbose read json C:\Users\HP\Documents\GitHub\react-template\node_modules\process-nextick-args\package.json
653 verbose read json C:\Users\HP\Documents\GitHub\react-template\node_modules\promise\package.json
654 verbose read json C:\Users\HP\Documents\GitHub\react-template\node_modules\prompt-sui\package.json
655 verbose read json C:\Users\HP\Documents\GitHub\react-template\node_modules\prop-types\package.json
656 verbose read json C:\Users\HP\Documents\GitHub\react-template\node_modules\proto-list\package.json
657 verbose read json C:\Users\HP\Documents\GitHub\react-template\node_modules\proxy-addr\package.json
658 verbose read json C:\Users\HP\Documents\GitHub\react-template\node_modules\prr\package.json
659 verbose read json C:\Users\HP\Documents\GitHub\react-template\node_modules\pseudomap\package.json
660 verbose read json C:\Users\HP\Documents\GitHub\react-template\node_modules\psl\package.json
661 verbose read json C:\Users\HP\Documents\GitHub\react-template\node_modules\public-encrypt\package.json
662 verbose read json C:\Users\HP\Documents\GitHub\react-template\node_modules\pump\package.json
663 verbose read json C:\Users\HP\Documents\GitHub\react-template\node_modules\pumpify\package.json
664 verbose read json C:\Users\HP\Documents\GitHub\react-template\node_modules\punycode\package.json
665 verbose read json C:\Users\HP\Documents\GitHub\react-template\node_modules\qs\package.json
666 verbose read json C:\Users\HP\Documents\GitHub\react-template\node_modules\querystring\package.json
667 verbose read json C:\Users\HP\Documents\GitHub\react-template\node_modules\querystring-es3\package.json
668 verbose read json C:\Users\HP\Documents\GitHub\react-template\node_modules\querystringify\package.json
669 verbose read json C:\Users\HP\Documents\GitHub\react-template\node_modules\randomatic\package.json
670 verbose read json C:\Users\HP\Documents\GitHub\react-template\node_modules\randombytes\package.json
671 verbose read json C:\Users\HP\Documents\GitHub\react-template\node_modules\randomfill\package.json
672 verbose read json C:\Users\HP\Documents\GitHub\react-template\node_modules\range-parser\package.json
673 verbose read json C:\Users\HP\Documents\GitHub\react-template\node_modules\raw-body\package.json
674 verbose read json C:\Users\HP\Documents\GitHub\react-template\node_modules\react\package.json
675 verbose read json C:\Users\HP\Documents\GitHub\react-template\node_modules\react-dom\package.json
676 verbose read json C:\Users\HP\Documents\GitHub\react-template\node_modules\react-is\package.json
677 verbose read json C:\Users\HP\Documents\GitHub\react-template\node_modules\react-router\package.json
678 verbose read json C:\Users\HP\Documents\GitHub\react-template\node_modules\react-router-dom\package.json
679 verbose read json C:\Users\HP\Documents\GitHub\react-template\node_modules\read-pkg\package.json
680 verbose read json C:\Users\HP\Documents\GitHub\react-template\node_modules\read-pkg-up\package.json
681 verbose read json C:\Users\HP\Documents\GitHub\react-template\node_modules\readable-stream\package.json
682 verbose read json C:\Users\HP\Documents\GitHub\react-template\node_modules\readdirp\package.json
683 verbose read json C:\Users\HP\Documents\GitHub\react-template\node_modules\rechoir\package.json
684 verbose read json C:\Users\HP\Documents\GitHub\react-template\node_modules\redent\package.json
685 verbose read json C:\Users\HP\Documents\GitHub\react-template\node_modules\regenerate\package.json
686 verbose read json C:\Users\HP\Documents\GitHub\react-template\node_modules\regenerator-runtime\package.json
687 verbose read json C:\Users\HP\Documents\GitHub\react-template\node_modules\regenerator-transform\package.json
688 verbose read json C:\Users\HP\Documents\GitHub\react-template\node_modules\regex-cache\package.json
689 verbose read json C:\Users\HP\Documents\GitHub\react-template\node_modules\regex-not\package.json
690 verbose read json C:\Users\HP\Documents\GitHub\react-template\node_modules\regexp.prototype.flags\package.json
691 verbose read json C:\Users\HP\Documents\GitHub\react-template\node_modules\regexpu-core\package.json
692 verbose read json C:\Users\HP\Documents\GitHub\react-template\node_modules\regjsgen\package.json
693 verbose read json C:\Users\HP\Documents\GitHub\react-template\node_modules\regjsparser\package.json
694 verbose read json C:\Users\HP\Documents\GitHub\react-template\node_modules\remove-bom-buffer\package.json
695 verbose read json C:\Users\HP\Documents\GitHub\react-template\node_modules\remove-bom-stream\package.json
696 verbose read json C:\Users\HP\Documents\GitHub\react-template\node_modules\remove-trailing-separator\package.json
697 verbose read json C:\Users\HP\Documents\GitHub\react-template\node_modules\repeat-element\package.json
698 verbose read json C:\Users\HP\Documents\GitHub\react-template\node_modules\repeat-string\package.json
699 verbose read json C:\Users\HP\Documents\GitHub\react-template\node_modules\repeating\package.json
700 verbose read json C:\Users\HP\Documents\GitHub\react-template\node_modules\replace-ext\package.json
701 verbose read json C:\Users\HP\Documents\GitHub\react-template\node_modules\replace-homedir\package.json
702 verbose read json C:\Users\HP\Documents\GitHub\react-template\node_modules\replacestream\package.json
703 verbose read json C:\Users\HP\Documents\GitHub\react-template\node_modules\request\package.json
704 verbose read json C:\Users\HP\Documents\GitHub\react-template\node_modules\require-directory\package.json
705 verbose read json C:\Users\HP\Documents\GitHub\react-template\node_modules\require-dot-file\package.json
706 verbose read json C:\Users\HP\Documents\GitHub\react-template\node_modules\require-main-filename\package.json
707 verbose read json C:\Users\HP\Documents\GitHub\react-template\node_modules\requires-port\package.json
708 verbose read json C:\Users\HP\Documents\GitHub\react-template\node_modules\resolve\package.json
709 verbose read json C:\Users\HP\Documents\GitHub\react-template\node_modules\resolve-cwd\package.json
710 verbose read json C:\Users\HP\Documents\GitHub\react-template\node_modules\resolve-dir\package.json
711 verbose read json C:\Users\HP\Documents\GitHub\react-template\node_modules\resolve-from\package.json
712 verbose read json C:\Users\HP\Documents\GitHub\react-template\node_modules\resolve-options\package.json
713 verbose read json C:\Users\HP\Documents\GitHub\react-template\node_modules\resolve-pathname\package.json
714 verbose read json C:\Users\HP\Documents\GitHub\react-template\node_modules\resolve-url\package.json
715 verbose read json C:\Users\HP\Documents\GitHub\react-template\node_modules\restore-cursor\package.json
716 verbose read json C:\Users\HP\Documents\GitHub\react-template\node_modules\ret\package.json
717 verbose read json C:\Users\HP\Documents\GitHub\react-template\node_modules\rework\package.json
718 verbose read json C:\Users\HP\Documents\GitHub\react-template\node_modules\rework-import\package.json
719 verbose read json C:\Users\HP\Documents\GitHub\react-template\node_modules\rework-plugin-function\package.json
720 verbose read json C:\Users\HP\Documents\GitHub\react-template\node_modules\rework-plugin-url\package.json
721 verbose read json C:\Users\HP\Documents\GitHub\react-template\node_modules\rework-visit\package.json
722 verbose read json C:\Users\HP\Documents\GitHub\react-template\node_modules\right-align\package.json
723 verbose read json C:\Users\HP\Documents\GitHub\react-template\node_modules\rimraf\package.json
724 verbose read json C:\Users\HP\Documents\GitHub\react-template\node_modules\ripemd160\package.json
725 verbose read json C:\Users\HP\Documents\GitHub\react-template\node_modules\rtlcss\package.json
726 verbose read json C:\Users\HP\Documents\GitHub\react-template\node_modules\run-async\package.json
727 verbose read json C:\Users\HP\Documents\GitHub\react-template\node_modules\run-sequence\package.json
728 verbose read json C:\Users\HP\Documents\GitHub\react-template\node_modules\rx-lite\package.json
729 verbose read json C:\Users\HP\Documents\GitHub\react-template\node_modules\rx-lite-aggregates\package.json
730 verbose read json C:\Users\HP\Documents\GitHub\react-template\node_modules\safe-buffer\package.json
731 verbose read json C:\Users\HP\Documents\GitHub\react-template\node_modules\safe-regex\package.json
732 verbose read json C:\Users\HP\Documents\GitHub\react-template\node_modules\safer-buffer\package.json
733 verbose read json C:\Users\HP\Documents\GitHub\react-template\node_modules\scheduler\package.json
734 verbose read json C:\Users\HP\Documents\GitHub\react-template\node_modules\schema-utils\package.json
735 verbose read json C:\Users\HP\Documents\GitHub\react-template\node_modules\select-hose\package.json
736 verbose read json C:\Users\HP\Documents\GitHub\react-template\node_modules\selfsigned\package.json
737 verbose read json C:\Users\HP\Documents\GitHub\react-template\node_modules\semver\package.json
738 verbose read json C:\Users\HP\Documents\GitHub\react-template\node_modules\semver-greatest-satisfied-range\package.json
739 verbose read json C:\Users\HP\Documents\GitHub\react-template\node_modules\send\package.json
740 verbose read json C:\Users\HP\Documents\GitHub\react-template\node_modules\sequencify\package.json
741 verbose read json C:\Users\HP\Documents\GitHub\react-template\node_modules\serve-index\package.json
742 verbose read json C:\Users\HP\Documents\GitHub\react-template\node_modules\serve-static\package.json
743 verbose read json C:\Users\HP\Documents\GitHub\react-template\node_modules\set-blocking\package.json
744 verbose read json C:\Users\HP\Documents\GitHub\react-template\node_modules\set-value\package.json
745 verbose read json C:\Users\HP\Documents\GitHub\react-template\node_modules\setimmediate\package.json
746 verbose read json C:\Users\HP\Documents\GitHub\react-template\node_modules\setprototypeof\package.json
747 verbose read json C:\Users\HP\Documents\GitHub\react-template\node_modules\sha.js\package.json
748 verbose read json C:\Users\HP\Documents\GitHub\react-template\node_modules\shebang-command\package.json
749 verbose read json C:\Users\HP\Documents\GitHub\react-template\node_modules\shebang-regex\package.json
750 verbose read json C:\Users\HP\Documents\GitHub\react-template\node_modules\shellwords\package.json
751 verbose read json C:\Users\HP\Documents\GitHub\react-template\node_modules\sigmund\package.json
752 verbose read json C:\Users\HP\Documents\GitHub\react-template\node_modules\signal-exit\package.json
753 verbose read json C:\Users\HP\Documents\GitHub\react-template\node_modules\slash\package.json
754 verbose read json C:\Users\HP\Documents\GitHub\react-template\node_modules\snapdragon\package.json
755 verbose read json C:\Users\HP\Documents\GitHub\react-template\node_modules\snapdragon-node\package.json
756 verbose read json C:\Users\HP\Documents\GitHub\react-template\node_modules\snapdragon-util\package.json
757 verbose read json C:\Users\HP\Documents\GitHub\react-template\node_modules\sockjs\package.json
758 verbose read json C:\Users\HP\Documents\GitHub\react-template\node_modules\sockjs-client\package.json
759 verbose read json C:\Users\HP\Documents\GitHub\react-template\node_modules\source-list-map\package.json
760 verbose read json C:\Users\HP\Documents\GitHub\react-template\node_modules\source-map\package.json
761 verbose read json C:\Users\HP\Documents\GitHub\react-template\node_modules\source-map-resolve\package.json
762 verbose read json C:\Users\HP\Documents\GitHub\react-template\node_modules\source-map-support\package.json
763 verbose read json C:\Users\HP\Documents\GitHub\react-template\node_modules\source-map-url\package.json
764 verbose read json C:\Users\HP\Documents\GitHub\react-template\node_modules\sparkles\package.json
765 verbose read json C:\Users\HP\Documents\GitHub\react-template\node_modules\spdx-correct\package.json
766 verbose read json C:\Users\HP\Documents\GitHub\react-template\node_modules\spdx-exceptions\package.json
767 verbose read json C:\Users\HP\Documents\GitHub\react-template\node_modules\spdx-expression-parse\package.json
768 verbose read json C:\Users\HP\Documents\GitHub\react-template\node_modules\spdx-license-ids\package.json
769 verbose read json C:\Users\HP\Documents\GitHub\react-template\node_modules\spdy\package.json
770 verbose read json C:\Users\HP\Documents\GitHub\react-template\node_modules\spdy-transport\package.json
771 verbose read json C:\Users\HP\Documents\GitHub\react-template\node_modules\split\package.json
772 verbose read json C:\Users\HP\Documents\GitHub\react-template\node_modules\split-string\package.json
773 verbose read json C:\Users\HP\Documents\GitHub\react-template\node_modules\sprintf-js\package.json
774 verbose read json C:\Users\HP\Documents\GitHub\react-template\node_modules\sshpk\package.json
775 verbose read json C:\Users\HP\Documents\GitHub\react-template\node_modules\stack-trace\package.json
776 verbose read json C:\Users\HP\Documents\GitHub\react-template\node_modules\stat-mode\package.json
777 verbose read json C:\Users\HP\Documents\GitHub\react-template\node_modules\static-extend\package.json
778 verbose read json C:\Users\HP\Documents\GitHub\react-template\node_modules\statuses\package.json
779 verbose read json C:\Users\HP\Documents\GitHub\react-template\node_modules\stream-browserify\package.json
780 verbose read json C:\Users\HP\Documents\GitHub\react-template\node_modules\stream-combiner\package.json
781 verbose read json C:\Users\HP\Documents\GitHub\react-template\node_modules\stream-consume\package.json
782 verbose read json C:\Users\HP\Documents\GitHub\react-template\node_modules\stream-exhaust\package.json
783 verbose read json C:\Users\HP\Documents\GitHub\react-template\node_modules\stream-http\package.json
784 verbose read json C:\Users\HP\Documents\GitHub\react-template\node_modules\stream-shift\package.json
785 verbose read json C:\Users\HP\Documents\GitHub\react-template\node_modules\string-width\package.json
786 verbose read json C:\Users\HP\Documents\GitHub\react-template\node_modules\string.prototype.trimleft\package.json
787 verbose read json C:\Users\HP\Documents\GitHub\react-template\node_modules\string.prototype.trimright\package.json
788 verbose read json C:\Users\HP\Documents\GitHub\react-template\node_modules\string_decoder\package.json
789 verbose read json C:\Users\HP\Documents\GitHub\react-template\node_modules\strip-ansi\package.json
790 verbose read json C:\Users\HP\Documents\GitHub\react-template\node_modules\strip-bom\package.json
791 verbose read json C:\Users\HP\Documents\GitHub\react-template\node_modules\strip-bom-stream\package.json
792 verbose read json C:\Users\HP\Documents\GitHub\react-template\node_modules\strip-eof\package.json
793 verbose read json C:\Users\HP\Documents\GitHub\react-template\node_modules\strip-indent\package.json
794 verbose read json C:\Users\HP\Documents\GitHub\react-template\node_modules\strip-json-comments\package.json
795 verbose read json C:\Users\HP\Documents\GitHub\react-template\node_modules\style-loader\package.json
796 verbose read json C:\Users\HP\Documents\GitHub\react-template\node_modules\supports-color\package.json
797 verbose read json C:\Users\HP\Documents\GitHub\react-template\node_modules\sver-compat\package.json
798 verbose read json C:\Users\HP\Documents\GitHub\react-template\node_modules\tapable\package.json
799 verbose read json C:\Users\HP\Documents\GitHub\react-template\node_modules\ternary-stream\package.json
800 verbose read json C:\Users\HP\Documents\GitHub\react-template\node_modules\textextensions\package.json
801 verbose read json C:\Users\HP\Documents\GitHub\react-template\node_modules\through\package.json
802 verbose read json C:\Users\HP\Documents\GitHub\react-template\node_modules\through2\package.json
803 verbose read json C:\Users\HP\Documents\GitHub\react-template\node_modules\through2-filter\package.json
804 verbose read json C:\Users\HP\Documents\GitHub\react-template\node_modules\thunky\package.json
805 verbose read json C:\Users\HP\Documents\GitHub\react-template\node_modules\tildify\package.json
806 verbose read json C:\Users\HP\Documents\GitHub\react-template\node_modules\time-stamp\package.json
807 verbose read json C:\Users\HP\Documents\GitHub\react-template\node_modules\timers-browserify\package.json
808 verbose read json C:\Users\HP\Documents\GitHub\react-template\node_modules\tiny-invariant\package.json
809 verbose read json C:\Users\HP\Documents\GitHub\react-template\node_modules\tiny-warning\package.json
810 verbose read json C:\Users\HP\Documents\GitHub\react-template\node_modules\tmp\package.json
811 verbose read json C:\Users\HP\Documents\GitHub\react-template\node_modules\to-absolute-glob\package.json
812 verbose read json C:\Users\HP\Documents\GitHub\react-template\node_modules\to-arraybuffer\package.json
813 verbose read json C:\Users\HP\Documents\GitHub\react-template\node_modules\to-fast-properties\package.json
814 verbose read json C:\Users\HP\Documents\GitHub\react-template\node_modules\to-object-path\package.json
815 verbose read json C:\Users\HP\Documents\GitHub\react-template\node_modules\to-regex\package.json
816 verbose read json C:\Users\HP\Documents\GitHub\react-template\node_modules\to-regex-range\package.json
817 verbose read json C:\Users\HP\Documents\GitHub\react-template\node_modules\to-through\package.json
818 verbose read json C:\Users\HP\Documents\GitHub\react-template\node_modules\toidentifier\package.json
819 verbose read json C:\Users\HP\Documents\GitHub\react-template\node_modules\tough-cookie\package.json
820 verbose read json C:\Users\HP\Documents\GitHub\react-template\node_modules\trim-newlines\package.json
821 verbose read json C:\Users\HP\Documents\GitHub\react-template\node_modules\trim-right\package.json
822 verbose read json C:\Users\HP\Documents\GitHub\react-template\node_modules\tslib\package.json
823 verbose read json C:\Users\HP\Documents\GitHub\react-template\node_modules\tty-browserify\package.json
824 verbose read json C:\Users\HP\Documents\GitHub\react-template\node_modules\tunnel-agent\package.json
825 verbose read json C:\Users\HP\Documents\GitHub\react-template\node_modules\tweetnacl\package.json
826 verbose read json C:\Users\HP\Documents\GitHub\react-template\node_modules\type\package.json
827 verbose read json C:\Users\HP\Documents\GitHub\react-template\node_modules\type-is\package.json
828 verbose read json C:\Users\HP\Documents\GitHub\react-template\node_modules\typedarray\package.json
829 verbose read json C:\Users\HP\Documents\GitHub\react-template\node_modules\uglify-js\package.json
830 verbose read json C:\Users\HP\Documents\GitHub\react-template\node_modules\uglify-to-browserify\package.json
831 verbose read json C:\Users\HP\Documents\GitHub\react-template\node_modules\uglifyjs-webpack-plugin\package.json
832 verbose read json C:\Users\HP\Documents\GitHub\react-template\node_modules\unc-path-regex\package.json
833 verbose read json C:\Users\HP\Documents\GitHub\react-template\node_modules\undertaker\package.json
834 verbose read json C:\Users\HP\Documents\GitHub\react-template\node_modules\undertaker-registry\package.json
835 verbose read json C:\Users\HP\Documents\GitHub\react-template\node_modules\union-value\package.json
836 verbose read json C:\Users\HP\Documents\GitHub\react-template\node_modules\uniq\package.json
837 verbose read json C:\Users\HP\Documents\GitHub\react-template\node_modules\unique-stream\package.json
838 verbose read json C:\Users\HP\Documents\GitHub\react-template\node_modules\unpipe\package.json
839 verbose read json C:\Users\HP\Documents\GitHub\react-template\node_modules\unset-value\package.json
840 verbose read json C:\Users\HP\Documents\GitHub\react-template\node_modules\upath\package.json
841 verbose read json C:\Users\HP\Documents\GitHub\react-template\node_modules\uri-js\package.json
842 verbose read json C:\Users\HP\Documents\GitHub\react-template\node_modules\urix\package.json
843 verbose read json C:\Users\HP\Documents\GitHub\react-template\node_modules\url\package.json
844 verbose read json C:\Users\HP\Documents\GitHub\react-template\node_modules\url-parse\package.json
845 verbose read json C:\Users\HP\Documents\GitHub\react-template\node_modules\url-regex\package.json
846 verbose read json C:\Users\HP\Documents\GitHub\react-template\node_modules\use\package.json
847 verbose read json C:\Users\HP\Documents\GitHub\react-template\node_modules\user-home\package.json
848 verbose read json C:\Users\HP\Documents\GitHub\react-template\node_modules\util\package.json
849 verbose read json C:\Users\HP\Documents\GitHub\react-template\node_modules\util-deprecate\package.json
850 verbose read json C:\Users\HP\Documents\GitHub\react-template\node_modules\utils-merge\package.json
851 verbose read json C:\Users\HP\Documents\GitHub\react-template\node_modules\uuid\package.json
852 verbose read json C:\Users\HP\Documents\GitHub\react-template\node_modules\v8flags\package.json
853 verbose read json C:\Users\HP\Documents\GitHub\react-template\node_modules\validate-npm-package-license\package.json
854 verbose read json C:\Users\HP\Documents\GitHub\react-template\node_modules\value-equal\package.json
855 verbose read json C:\Users\HP\Documents\GitHub\react-template\node_modules\value-or-function\package.json
856 verbose read json C:\Users\HP\Documents\GitHub\react-template\node_modules\vary\package.json
857 verbose read json C:\Users\HP\Documents\GitHub\react-template\node_modules\verror\package.json
858 verbose read json C:\Users\HP\Documents\GitHub\react-template\node_modules\vinyl\package.json
859 verbose read json C:\Users\HP\Documents\GitHub\react-template\node_modules\vinyl-file\package.json
860 verbose read json C:\Users\HP\Documents\GitHub\react-template\node_modules\vinyl-fs\package.json
861 verbose read json C:\Users\HP\Documents\GitHub\react-template\node_modules\vinyl-sourcemap\package.json
862 verbose read json C:\Users\HP\Documents\GitHub\react-template\node_modules\vinyl-sourcemaps-apply\package.json
863 verbose read json C:\Users\HP\Documents\GitHub\react-template\node_modules\vm-browserify\package.json
864 verbose read json C:\Users\HP\Documents\GitHub\react-template\node_modules\watchpack\package.json
865 verbose read json C:\Users\HP\Documents\GitHub\react-template\node_modules\wbuf\package.json
866 verbose read json C:\Users\HP\Documents\GitHub\react-template\node_modules\webpack\package.json
867 verbose read json C:\Users\HP\Documents\GitHub\react-template\node_modules\webpack-dev-middleware\package.json
868 verbose read json C:\Users\HP\Documents\GitHub\react-template\node_modules\webpack-dev-server\package.json
869 verbose read json C:\Users\HP\Documents\GitHub\react-template\node_modules\webpack-sources\package.json
870 verbose read json C:\Users\HP\Documents\GitHub\react-template\node_modules\websocket-driver\package.json
871 verbose read json C:\Users\HP\Documents\GitHub\react-template\node_modules\websocket-extensions\package.json
872 verbose read json C:\Users\HP\Documents\GitHub\react-template\node_modules\when\package.json
873 verbose read json C:\Users\HP\Documents\GitHub\react-template\node_modules\which\package.json
874 verbose read json C:\Users\HP\Documents\GitHub\react-template\node_modules\which-module\package.json
875 verbose read json C:\Users\HP\Documents\GitHub\react-template\node_modules\window-size\package.json
876 verbose read json C:\Users\HP\Documents\GitHub\react-template\node_modules\wordwrap\package.json
877 verbose read json C:\Users\HP\Documents\GitHub\react-template\node_modules\wrap-ansi\package.json
878 verbose read json C:\Users\HP\Documents\GitHub\react-template\node_modules\wrappy\package.json
879 verbose read json C:\Users\HP\Documents\GitHub\react-template\node_modules\wrench-sui\package.json
880 verbose read json C:\Users\HP\Documents\GitHub\react-template\node_modules\xtend\package.json
881 verbose read json C:\Users\HP\Documents\GitHub\react-template\node_modules\y18n\package.json
882 verbose read json C:\Users\HP\Documents\GitHub\react-template\node_modules\yallist\package.json
883 verbose read json C:\Users\HP\Documents\GitHub\react-template\node_modules\yamljs\package.json
884 verbose read json C:\Users\HP\Documents\GitHub\react-template\node_modules\yargs\package.json
885 verbose read json C:\Users\HP\Documents\GitHub\react-template\node_modules\yargs-parser\package.json
886 warn package.json copy-descriptor@0.1.1 No readme data.
887 warn package.json get-value@2.0.6 No readme data.
888 warn package.json jsesc@1.3.0 No readme data.
889 warn package.json object-copy@0.1.0 No readme data.
890 warn package.json setimmediate@1.0.5 No readme data.
891 warn package.json static-extend@0.1.2 No readme data.
892 warn package.json path-is-inside@1.0.2 No readme data.
893 warn package.json rework-visit@1.0.0 No repository field.
894 verbose from cache C:\Users\HP\Documents\GitHub\react-template\package.json
895 verbose readDependencies using package.json deps
896 verbose cache add [ 'semantic-ui-react', null ]
897 verbose cache add name=undefined spec="semantic-ui-react" args=["semantic-ui-react",null]
898 verbose parsed url { protocol: null,
898 verbose parsed url   slashes: null,
898 verbose parsed url   auth: null,
898 verbose parsed url   host: null,
898 verbose parsed url   port: null,
898 verbose parsed url   hostname: null,
898 verbose parsed url   hash: null,
898 verbose parsed url   search: null,
898 verbose parsed url   query: null,
898 verbose parsed url   pathname: 'semantic-ui-react',
898 verbose parsed url   path: 'semantic-ui-react',
898 verbose parsed url   href: 'semantic-ui-react' }
899 silly lockFile 8d79acc1-semantic-ui-react semantic-ui-react
900 verbose lock semantic-ui-react C:\Users\HP\AppData\Roaming\npm-cache\8d79acc1-semantic-ui-react.lock
901 silly lockFile 8d79acc1-semantic-ui-react semantic-ui-react
902 silly lockFile 8d79acc1-semantic-ui-react semantic-ui-react
903 verbose addNamed [ 'semantic-ui-react', '' ]
904 verbose addNamed [ null, '' ]
905 silly lockFile 1b5067ae-semantic-ui-react semantic-ui-react@
906 verbose lock semantic-ui-react@ C:\Users\HP\AppData\Roaming\npm-cache\1b5067ae-semantic-ui-react.lock
907 silly addNameRange { name: 'semantic-ui-react', range: '', hasData: false }
908 verbose url raw semantic-ui-react
909 verbose url resolving [ 'https://registry.npmjs.org/', './semantic-ui-react' ]
910 verbose url resolved https://registry.npmjs.org/semantic-ui-react
911 info trying registry request attempt 1 at 20:18:41
912 http GET https://registry.npmjs.org/semantic-ui-react
913 info retry will retry, error on last attempt: Error: CERT_UNTRUSTED
914 info trying registry request attempt 2 at 20:18:51
915 http GET https://registry.npmjs.org/semantic-ui-react
916 info retry will retry, error on last attempt: Error: CERT_UNTRUSTED
917 info trying registry request attempt 3 at 20:19:52
918 http GET https://registry.npmjs.org/semantic-ui-react
919 silly lockFile 1b5067ae-semantic-ui-react semantic-ui-react@
920 silly lockFile 1b5067ae-semantic-ui-react semantic-ui-react@
921 error Error: CERT_UNTRUSTED
921 error     at SecurePair.<anonymous> (tls.js:1346:32)
921 error     at SecurePair.EventEmitter.emit (events.js:92:17)
921 error     at SecurePair.maybeInitFinished (tls.js:959:10)
921 error     at CleartextStream.read [as _read] (tls.js:463:15)
921 error     at CleartextStream.Readable.read (_stream_readable.js:320:10)
921 error     at EncryptedStream.write [as _write] (tls.js:366:25)
921 error     at doWrite (_stream_writable.js:219:10)
921 error     at writeOrBuffer (_stream_writable.js:209:5)
921 error     at EncryptedStream.Writable.write (_stream_writable.js:180:11)
921 error     at write (_stream_readable.js:573:24)
922 error If you need help, you may report this log at:
922 error     <http://github.com/isaacs/npm/issues>
922 error or email it to:
922 error     <npm-@googlegroups.com>
923 error System Windows_NT 6.2.9200
924 error command "C:\\Program Files (x86)\\nodejs\\\\node.exe" "C:\\Program Files (x86)\\nodejs\\node_modules\\npm\\bin\\npm-cli.js" "install" "semantic-ui-react"
925 error cwd C:\Users\HP\Documents\GitHub\react-template
926 error node -v v0.10.11
927 error npm -v 1.2.30
928 verbose exit [ 1, true ]
